Determining if the Q_WS_WIN exist failed with the following output:
Change Dir: /home/yunusem/projects/keyboardclient/build/CMakeFiles/CMakeTmp

Run Build Command:"/usr/bin/make" "cmTryCompileExec426267413/fast"
/usr/bin/make -f CMakeFiles/cmTryCompileExec426267413.dir/build.make CMakeFiles/cmTryCompileExec426267413.dir/build
make[1]: Entering directory '/home/yunusem/projects/keyboardclient/build/CMakeFiles/CMakeTmp'
/usr/bin/cmake -E cmake_progress_report /home/yunusem/projects/keyboardclient/build/CMakeFiles/CMakeTmp/CMakeFiles 1
Building C object CMakeFiles/cmTryCompileExec426267413.dir/CheckSymbolExists.c.o
/usr/bin/cc   -I/usr/include/qt4    -o CMakeFiles/cmTryCompileExec426267413.dir/CheckSymbolExists.c.o   -c /home/yunusem/projects/keyboardclient/build/CMakeFiles/CMakeTmp/CheckSymbolExists.c
/home/yunusem/projects/keyboardclient/build/CMakeFiles/CMakeTmp/CheckSymbolExists.c: In function ‘main’:
/home/yunusem/projects/keyboardclient/build/CMakeFiles/CMakeTmp/CheckSymbolExists.c:8:19: error: ‘Q_WS_WIN’ undeclared (first use in this function)
   return ((int*)(&Q_WS_WIN))[argc];
                   ^
/home/yunusem/projects/keyboardclient/build/CMakeFiles/CMakeTmp/CheckSymbolExists.c:8:19: note: each undeclared identifier is reported only once for each function it appears in
CMakeFiles/cmTryCompileExec426267413.dir/build.make:57: recipe for target 'CMakeFiles/cmTryCompileExec426267413.dir/CheckSymbolExists.c.o' failed
make[1]: *** [CMakeFiles/cmTryCompileExec426267413.dir/CheckSymbolExists.c.o] Error 1
make[1]: Leaving directory '/home/yunusem/projects/keyboardclient/build/CMakeFiles/CMakeTmp'
Makefile:118: recipe for target 'cmTryCompileExec426267413/fast' failed
make: *** [cmTryCompileExec426267413/fast] Error 2

File /home/yunusem/projects/keyboardclient/build/CMakeFiles/CMakeTmp/CheckSymbolExists.c:
/* */
#include <QtCore/qglobal.h>

int main(int argc, char** argv)
{
  (void)argv;
#ifndef Q_WS_WIN
  return ((int*)(&Q_WS_WIN))[argc];
#else
  (void)argc;
  return 0;
#endif
}

Determining if the Q_WS_QWS exist failed with the following output:
Change Dir: /home/yunusem/projects/keyboardclient/build/CMakeFiles/CMakeTmp

Run Build Command:"/usr/bin/make" "cmTryCompileExec3187068099/fast"
/usr/bin/make -f CMakeFiles/cmTryCompileExec3187068099.dir/build.make CMakeFiles/cmTryCompileExec3187068099.dir/build
make[1]: Entering directory '/home/yunusem/projects/keyboardclient/build/CMakeFiles/CMakeTmp'
/usr/bin/cmake -E cmake_progress_report /home/yunusem/projects/keyboardclient/build/CMakeFiles/CMakeTmp/CMakeFiles 1
Building C object CMakeFiles/cmTryCompileExec3187068099.dir/CheckSymbolExists.c.o
/usr/bin/cc   -I/usr/include/qt4    -o CMakeFiles/cmTryCompileExec3187068099.dir/CheckSymbolExists.c.o   -c /home/yunusem/projects/keyboardclient/build/CMakeFiles/CMakeTmp/CheckSymbolExists.c
/home/yunusem/projects/keyboardclient/build/CMakeFiles/CMakeTmp/CheckSymbolExists.c: In function ‘main’:
/home/yunusem/projects/keyboardclient/build/CMakeFiles/CMakeTmp/CheckSymbolExists.c:8:19: error: ‘Q_WS_QWS’ undeclared (first use in this function)
   return ((int*)(&Q_WS_QWS))[argc];
                   ^
/home/yunusem/projects/keyboardclient/build/CMakeFiles/CMakeTmp/CheckSymbolExists.c:8:19: note: each undeclared identifier is reported only once for each function it appears in
CMakeFiles/cmTryCompileExec3187068099.dir/build.make:57: recipe for target 'CMakeFiles/cmTryCompileExec3187068099.dir/CheckSymbolExists.c.o' failed
make[1]: *** [CMakeFiles/cmTryCompileExec3187068099.dir/CheckSymbolExists.c.o] Error 1
make[1]: Leaving directory '/home/yunusem/projects/keyboardclient/build/CMakeFiles/CMakeTmp'
Makefile:118: recipe for target 'cmTryCompileExec3187068099/fast' failed
make: *** [cmTryCompileExec3187068099/fast] Error 2

File /home/yunusem/projects/keyboardclient/build/CMakeFiles/CMakeTmp/CheckSymbolExists.c:
/* */
#include <QtCore/qglobal.h>

int main(int argc, char** argv)
{
  (void)argv;
#ifndef Q_WS_QWS
  return ((int*)(&Q_WS_QWS))[argc];
#else
  (void)argc;
  return 0;
#endif
}

Determining if the Q_WS_MAC exist failed with the following output:
Change Dir: /home/yunusem/projects/keyboardclient/build/CMakeFiles/CMakeTmp

Run Build Command:"/usr/bin/make" "cmTryCompileExec4181886589/fast"
/usr/bin/make -f CMakeFiles/cmTryCompileExec4181886589.dir/build.make CMakeFiles/cmTryCompileExec4181886589.dir/build
make[1]: Entering directory '/home/yunusem/projects/keyboardclient/build/CMakeFiles/CMakeTmp'
/usr/bin/cmake -E cmake_progress_report /home/yunusem/projects/keyboardclient/build/CMakeFiles/CMakeTmp/CMakeFiles 1
Building C object CMakeFiles/cmTryCompileExec4181886589.dir/CheckSymbolExists.c.o
/usr/bin/cc   -I/usr/include/qt4    -o CMakeFiles/cmTryCompileExec4181886589.dir/CheckSymbolExists.c.o   -c /home/yunusem/projects/keyboardclient/build/CMakeFiles/CMakeTmp/CheckSymbolExists.c
/home/yunusem/projects/keyboardclient/build/CMakeFiles/CMakeTmp/CheckSymbolExists.c: In function ‘main’:
/home/yunusem/projects/keyboardclient/build/CMakeFiles/CMakeTmp/CheckSymbolExists.c:8:19: error: ‘Q_WS_MAC’ undeclared (first use in this function)
   return ((int*)(&Q_WS_MAC))[argc];
                   ^
/home/yunusem/projects/keyboardclient/build/CMakeFiles/CMakeTmp/CheckSymbolExists.c:8:19: note: each undeclared identifier is reported only once for each function it appears in
CMakeFiles/cmTryCompileExec4181886589.dir/build.make:57: recipe for target 'CMakeFiles/cmTryCompileExec4181886589.dir/CheckSymbolExists.c.o' failed
make[1]: Leaving directory '/home/yunusem/projects/keyboardclient/build/CMakeFiles/CMakeTmp'
make[1]: *** [CMakeFiles/cmTryCompileExec4181886589.dir/CheckSymbolExists.c.o] Error 1
Makefile:118: recipe for target 'cmTryCompileExec4181886589/fast' failed
make: *** [cmTryCompileExec4181886589/fast] Error 2

File /home/yunusem/projects/keyboardclient/build/CMakeFiles/CMakeTmp/CheckSymbolExists.c:
/* */
#include <QtCore/qglobal.h>

int main(int argc, char** argv)
{
  (void)argv;
#ifndef Q_WS_MAC
  return ((int*)(&Q_WS_MAC))[argc];
#else
  (void)argc;
  return 0;
#endif
}

Determining if the pthread_create exist failed with the following output:
Change Dir: /home/yunusem/projects/keyboardclient/build/CMakeFiles/CMakeTmp

Run Build Command:"/usr/bin/make" "cmTryCompileExec976380630/fast"
/usr/bin/make -f CMakeFiles/cmTryCompileExec976380630.dir/build.make CMakeFiles/cmTryCompileExec976380630.dir/build
make[1]: Entering directory '/home/yunusem/projects/keyboardclient/build/CMakeFiles/CMakeTmp'
/usr/bin/cmake -E cmake_progress_report /home/yunusem/projects/keyboardclient/build/CMakeFiles/CMakeTmp/CMakeFiles 1
Building C object CMakeFiles/cmTryCompileExec976380630.dir/CheckSymbolExists.c.o
/usr/bin/cc    -o CMakeFiles/cmTryCompileExec976380630.dir/CheckSymbolExists.c.o   -c /home/yunusem/projects/keyboardclient/build/CMakeFiles/CMakeTmp/CheckSymbolExists.c
Linking C executable cmTryCompileExec976380630
/usr/bin/cmake -E cmake_link_script CMakeFiles/cmTryCompileExec976380630.dir/link.txt --verbose=1
/usr/bin/cc       CMakeFiles/cmTryCompileExec976380630.dir/CheckSymbolExists.c.o  -o cmTryCompileExec976380630 -rdynamic 
CMakeFiles/cmTryCompileExec976380630.dir/CheckSymbolExists.c.o: In function `main':
CheckSymbolExists.c:(.text+0x16): undefined reference to `pthread_create'
collect2: error: ld returned 1 exit status
CMakeFiles/cmTryCompileExec976380630.dir/build.make:88: recipe for target 'cmTryCompileExec976380630' failed
make[1]: Leaving directory '/home/yunusem/projects/keyboardclient/build/CMakeFiles/CMakeTmp'
make[1]: *** [cmTryCompileExec976380630] Error 1
Makefile:118: recipe for target 'cmTryCompileExec976380630/fast' failed
make: *** [cmTryCompileExec976380630/fast] Error 2

File /home/yunusem/projects/keyboardclient/build/CMakeFiles/CMakeTmp/CheckSymbolExists.c:
/* */
#include <pthread.h>

int main(int argc, char** argv)
{
  (void)argv;
#ifndef pthread_create
  return ((int*)(&pthread_create))[argc];
#else
  (void)argc;
  return 0;
#endif
}

Determining if the function pthread_create exists in the pthreads failed with the following output:
Change Dir: /home/yunusem/projects/keyboardclient/build/CMakeFiles/CMakeTmp

Run Build Command:"/usr/bin/make" "cmTryCompileExec853140558/fast"
/usr/bin/make -f CMakeFiles/cmTryCompileExec853140558.dir/build.make CMakeFiles/cmTryCompileExec853140558.dir/build
make[1]: Entering directory '/home/yunusem/projects/keyboardclient/build/CMakeFiles/CMakeTmp'
/usr/bin/cmake -E cmake_progress_report /home/yunusem/projects/keyboardclient/build/CMakeFiles/CMakeTmp/CMakeFiles 1
Building C object CMakeFiles/cmTryCompileExec853140558.dir/CheckFunctionExists.c.o
/usr/bin/cc   -DCHECK_FUNCTION_EXISTS=pthread_create   -o CMakeFiles/cmTryCompileExec853140558.dir/CheckFunctionExists.c.o   -c /usr/share/cmake-3.0/Modules/CheckFunctionExists.c
Linking C executable cmTryCompileExec853140558
/usr/bin/cmake -E cmake_link_script CMakeFiles/cmTryCompileExec853140558.dir/link.txt --verbose=1
/usr/bin/cc   -DCHECK_FUNCTION_EXISTS=pthread_create    CMakeFiles/cmTryCompileExec853140558.dir/CheckFunctionExists.c.o  -o cmTryCompileExec853140558 -rdynamic -lpthreads 
/usr/bin/ld: cannot find -lpthreads
collect2: error: ld returned 1 exit status
CMakeFiles/cmTryCompileExec853140558.dir/build.make:88: recipe for target 'cmTryCompileExec853140558' failed
make[1]: *** [cmTryCompileExec853140558] Error 1
make[1]: Leaving directory '/home/yunusem/projects/keyboardclient/build/CMakeFiles/CMakeTmp'
Makefile:118: recipe for target 'cmTryCompileExec853140558/fast' failed
make: *** [cmTryCompileExec853140558/fast] Error 2


